<?xml version="1.0" encoding="UTF-8"?>
<!-- Generated by org.testng.reporters.JUnitXMLReporter -->
<testsuite ignored="1" hostname="DESKTOP-AFRCN63" failures="0" tests="3" name="LoginTest(failed)" time="21.447" errors="0" timestamp="2024-09-15T15:09:05 IST">
  <testcase classname="TestCases.TC002_LoginTest" name="loginDataDrivenTest" time="2.279"/>
  <testcase classname="TestCases.TC002_LoginTest" name="loginDataDrivenTest" time="2.349"/>
  <testcase classname="TestCases.TC002_LoginTest" name="loginDataDrivenTest" time="10.798"/>
  <testcase classname="TestCases.TC002_LoginTest" name="validLoginTest" time="0.0">
    <ignored/>
  </testcase> <!-- validLoginTest -->
</testsuite> <!-- LoginTest(failed) -->
