<?xml version="1.0" encoding="UTF-8"?>
<!-- Generated by org.testng.reporters.JUnitXMLReporter -->
<testsuite ignored="0" hostname="DESKTOP-AFRCN63" failures="0" tests="7" name="LoginTest" time="63.173" errors="0" timestamp="2024-09-17T10:58:19 IST">
  <testcase classname="TestCases.TC002_LoginTest" name="loginDataDrivenTest" time="2.814"/>
  <testcase classname="TestCases.TC002_LoginTest" name="loginDataDrivenTest" time="2.66"/>
  <testcase classname="TestCases.TC002_LoginTest" name="loginDataDrivenTest" time="12.068"/>
  <testcase classname="TestCases.TC002_LoginTest" name="loginDataDrivenTest" time="12.068"/>
  <testcase classname="TestCases.TC002_LoginTest" name="loginDataDrivenTest" time="13.355"/>
  <testcase classname="TestCases.TC002_LoginTest" name="loginDataDrivenTest" time="10.994"/>
  <testcase classname="TestCases.TC002_LoginTest" name="validLoginTest" time="2.362"/>
</testsuite> <!-- LoginTest -->
