<?xml version="1.0" encoding="UTF-8"?>
<testng-results ignored="0" total="7" passed="7" failed="0" skipped="0">
  <reporter-output>
  </reporter-output>
  <suite started-at="2024-09-16T15:19:45 IST" name="Suite" finished-at="2024-09-16T15:20:51 IST" duration-ms="66632">
    <groups>
      <group name="regression">
        <method signature="TC002_LoginTest.validLoginTest()[pri:0, instance:TestCases.TC002_LoginTest@7a362b6b]" name="validLoginTest" class="TestCases.TC002_LoginTest"/>
      </group> <!-- regression -->
      <group name="sanity">
        <method signature="TC002_LoginTest.loginDataDrivenTest(java.lang.String,java.lang.String,java.lang.String)[pri:0, instance:TestCases.TC002_LoginTest@7a362b6b]" name="loginDataDrivenTest" class="TestCases.TC002_LoginTest"/>
      </group> <!-- sanity -->
      <group name="master">
        <method signature="TC002_LoginTest.loginDataDrivenTest(java.lang.String,java.lang.String,java.lang.String)[pri:0, instance:TestCases.TC002_LoginTest@7a362b6b]" name="loginDataDrivenTest" class="TestCases.TC002_LoginTest"/>
        <method signature="TC002_LoginTest.validLoginTest()[pri:0, instance:TestCases.TC002_LoginTest@7a362b6b]" name="validLoginTest" class="TestCases.TC002_LoginTest"/>
      </group> <!-- master -->
    </groups>
    <test started-at="2024-09-16T15:19:45 IST" name="LoginTest" finished-at="2024-09-16T15:20:51 IST" duration-ms="66632">
      <class name="TestCases.TC002_LoginTest">
        <test-method is-config="true" signature="setUp(java.lang.String,java.lang.String)[pri:0, instance:TestCases.TC002_LoginTest@7a362b6b]" started-at="2024-09-16T15:19:45 IST" name="setUp" finished-at="2024-09-16T15:19:49 IST" duration-ms="3903" status="PASS">
          <params>
            <param index="0">
              <value>
                <![CDATA[Linux]]>
              </value>
            </param>
            <param index="1">
              <value>
                <![CDATA[chrome]]>
              </value>
            </param>
          </params>
          <reporter-output>
          </reporter-output>
        </test-method> <!-- setUp -->
        <test-method signature="loginDataDrivenTest(java.lang.String,java.lang.String,java.lang.String)[pri:0, instance:TestCases.TC002_LoginTest@7a362b6b]" started-at="2024-09-16T15:19:52 IST" name="loginDataDrivenTest" data-provider="LoginData" finished-at="2024-09-16T15:19:56 IST" duration-ms="3665" status="PASS">
          <params>
            <param index="0">
              <value>
                <![CDATA[ramkumar@gmail.com]]>
              </value>
            </param>
            <param index="1">
              <value>
                <![CDATA[ram@123]]>
              </value>
            </param>
            <param index="2">
              <value>
                <![CDATA[valid]]>
              </value>
            </param>
          </params>
          <reporter-output>
          </reporter-output>
        </test-method> <!-- loginDataDrivenTest -->
        <test-method signature="loginDataDrivenTest(java.lang.String,java.lang.String,java.lang.String)[pri:0, instance:TestCases.TC002_LoginTest@7a362b6b]" started-at="2024-09-16T15:19:56 IST" name="loginDataDrivenTest" data-provider="LoginData" finished-at="2024-09-16T15:20:00 IST" duration-ms="3941" status="PASS">
          <params>
            <param index="0">
              <value>
                <![CDATA[Sara@gmail.com]]>
              </value>
            </param>
            <param index="1">
              <value>
                <![CDATA[sara@123]]>
              </value>
            </param>
            <param index="2">
              <value>
                <![CDATA[valid]]>
              </value>
            </param>
          </params>
          <reporter-output>
          </reporter-output>
        </test-method> <!-- loginDataDrivenTest -->
        <test-method signature="loginDataDrivenTest(java.lang.String,java.lang.String,java.lang.String)[pri:0, instance:TestCases.TC002_LoginTest@7a362b6b]" started-at="2024-09-16T15:20:00 IST" name="loginDataDrivenTest" data-provider="LoginData" finished-at="2024-09-16T15:20:13 IST" duration-ms="12990" status="PASS">
          <params>
            <param index="0">
              <value>
                <![CDATA[Lokesh@gmail.com]]>
              </value>
            </param>
            <param index="1">
              <value>
                <![CDATA[loki@321]]>
              </value>
            </param>
            <param index="2">
              <value>
                <![CDATA[invalid]]>
              </value>
            </param>
          </params>
          <reporter-output>
          </reporter-output>
        </test-method> <!-- loginDataDrivenTest -->
        <test-method signature="loginDataDrivenTest(java.lang.String,java.lang.String,java.lang.String)[pri:0, instance:TestCases.TC002_LoginTest@7a362b6b]" started-at="2024-09-16T15:20:13 IST" name="loginDataDrivenTest" data-provider="LoginData" finished-at="2024-09-16T15:20:26 IST" duration-ms="13024" status="PASS">
          <params>
            <param index="0">
              <value>
                <![CDATA[ramkumar@gmail.com]]>
              </value>
            </param>
            <param index="1">
              <value>
                <![CDATA[loki@321]]>
              </value>
            </param>
            <param index="2">
              <value>
                <![CDATA[invalid]]>
              </value>
            </param>
          </params>
          <reporter-output>
          </reporter-output>
        </test-method> <!-- loginDataDrivenTest -->
        <test-method signature="loginDataDrivenTest(java.lang.String,java.lang.String,java.lang.String)[pri:0, instance:TestCases.TC002_LoginTest@7a362b6b]" started-at="2024-09-16T15:20:26 IST" name="loginDataDrivenTest" data-provider="LoginData" finished-at="2024-09-16T15:20:37 IST" duration-ms="11208" status="PASS">
          <params>
            <param index="0">
              <value>
                <![CDATA[]]>
              </value>
            </param>
            <param index="1">
              <value>
                <![CDATA[loki@321]]>
              </value>
            </param>
            <param index="2">
              <value>
                <![CDATA[invalid]]>
              </value>
            </param>
          </params>
          <reporter-output>
          </reporter-output>
        </test-method> <!-- loginDataDrivenTest -->
        <test-method signature="loginDataDrivenTest(java.lang.String,java.lang.String,java.lang.String)[pri:0, instance:TestCases.TC002_LoginTest@7a362b6b]" started-at="2024-09-16T15:20:37 IST" name="loginDataDrivenTest" data-provider="LoginData" finished-at="2024-09-16T15:20:48 IST" duration-ms="11315" status="PASS">
          <params>
            <param index="0">
              <value>
                <![CDATA[ramkumar@gmail.com]]>
              </value>
            </param>
            <param index="1">
              <value>
                <![CDATA[]]>
              </value>
            </param>
            <param index="2">
              <value>
                <![CDATA[invalid]]>
              </value>
            </param>
          </params>
          <reporter-output>
          </reporter-output>
        </test-method> <!-- loginDataDrivenTest -->
        <test-method signature="validLoginTest()[pri:0, instance:TestCases.TC002_LoginTest@7a362b6b]" started-at="2024-09-16T15:20:48 IST" name="validLoginTest" finished-at="2024-09-16T15:20:51 IST" duration-ms="2628" status="PASS">
          <reporter-output>
          </reporter-output>
        </test-method> <!-- validLoginTest -->
        <test-method is-config="true" signature="tearDown()[pri:0, instance:TestCases.TC002_LoginTest@7a362b6b]" started-at="2024-09-16T15:20:51 IST" name="tearDown" finished-at="2024-09-16T15:20:51 IST" duration-ms="186" status="PASS">
          <reporter-output>
          </reporter-output>
        </test-method> <!-- tearDown -->
      </class> <!-- TestCases.TC002_LoginTest -->
    </test> <!-- LoginTest -->
  </suite> <!-- Suite -->
</testng-results>
