<?xml version="1.0" encoding="UTF-8"?>
<testng-results ignored="0" total="6" passed="6" failed="0" skipped="0">
  <reporter-output>
  </reporter-output>
  <suite started-at="2024-09-16T12:29:29 IST" name="Groups Suite" finished-at="2024-09-16T12:30:49 IST" duration-ms="80169">
    <groups>
      <group name="sanity">
        <method signature="TC002_LoginTest.loginDataDrivenTest(java.lang.String,java.lang.String,java.lang.String)[pri:0, instance:TestCases.TC002_LoginTest@40e10ff8]" name="loginDataDrivenTest" class="TestCases.TC002_LoginTest"/>
      </group> <!-- sanity -->
      <group name="master">
        <method signature="TC002_LoginTest.loginDataDrivenTest(java.lang.String,java.lang.String,java.lang.String)[pri:0, instance:TestCases.TC002_LoginTest@40e10ff8]" name="loginDataDrivenTest" class="TestCases.TC002_LoginTest"/>
      </group> <!-- master -->
    </groups>
    <test started-at="2024-09-16T12:29:29 IST" name="LoginTest" finished-at="2024-09-16T12:30:49 IST" duration-ms="80169">
      <class name="TestCases.TC002_LoginTest">
        <test-method is-config="true" signature="setUp(java.lang.String,java.lang.String)[pri:0, instance:TestCases.TC002_LoginTest@40e10ff8]" started-at="2024-09-16T12:29:30 IST" name="setUp" finished-at="2024-09-16T12:29:46 IST" duration-ms="15212" status="PASS">
          <params>
            <param index="0">
              <value>
                <![CDATA[Linux]]>
              </value>
            </param>
            <param index="1">
              <value>
                <![CDATA[Chrome]]>
              </value>
            </param>
          </params>
          <reporter-output>
          </reporter-output>
        </test-method> <!-- setUp -->
        <test-method signature="loginDataDrivenTest(java.lang.String,java.lang.String,java.lang.String)[pri:0, instance:TestCases.TC002_LoginTest@40e10ff8]" started-at="2024-09-16T12:29:49 IST" name="loginDataDrivenTest" data-provider="LoginData" finished-at="2024-09-16T12:29:55 IST" duration-ms="5388" status="PASS">
          <params>
            <param index="0">
              <value>
                <![CDATA[ramkumar@gmail.com]]>
              </value>
            </param>
            <param index="1">
              <value>
                <![CDATA[ram@123]]>
              </value>
            </param>
            <param index="2">
              <value>
                <![CDATA[valid]]>
              </value>
            </param>
          </params>
          <reporter-output>
          </reporter-output>
        </test-method> <!-- loginDataDrivenTest -->
        <test-method signature="loginDataDrivenTest(java.lang.String,java.lang.String,java.lang.String)[pri:0, instance:TestCases.TC002_LoginTest@40e10ff8]" started-at="2024-09-16T12:29:55 IST" name="loginDataDrivenTest" data-provider="LoginData" finished-at="2024-09-16T12:29:59 IST" duration-ms="4573" status="PASS">
          <params>
            <param index="0">
              <value>
                <![CDATA[Sara@gmail.com]]>
              </value>
            </param>
            <param index="1">
              <value>
                <![CDATA[sara@123]]>
              </value>
            </param>
            <param index="2">
              <value>
                <![CDATA[valid]]>
              </value>
            </param>
          </params>
          <reporter-output>
          </reporter-output>
        </test-method> <!-- loginDataDrivenTest -->
        <test-method signature="loginDataDrivenTest(java.lang.String,java.lang.String,java.lang.String)[pri:0, instance:TestCases.TC002_LoginTest@40e10ff8]" started-at="2024-09-16T12:29:59 IST" name="loginDataDrivenTest" data-provider="LoginData" finished-at="2024-09-16T12:30:13 IST" duration-ms="13764" status="PASS">
          <params>
            <param index="0">
              <value>
                <![CDATA[Lokesh@gmail.com]]>
              </value>
            </param>
            <param index="1">
              <value>
                <![CDATA[loki@321]]>
              </value>
            </param>
            <param index="2">
              <value>
                <![CDATA[invalid]]>
              </value>
            </param>
          </params>
          <reporter-output>
          </reporter-output>
        </test-method> <!-- loginDataDrivenTest -->
        <test-method signature="loginDataDrivenTest(java.lang.String,java.lang.String,java.lang.String)[pri:0, instance:TestCases.TC002_LoginTest@40e10ff8]" started-at="2024-09-16T12:30:13 IST" name="loginDataDrivenTest" data-provider="LoginData" finished-at="2024-09-16T12:30:25 IST" duration-ms="11956" status="PASS">
          <params>
            <param index="0">
              <value>
                <![CDATA[ramkumar@gmail.com]]>
              </value>
            </param>
            <param index="1">
              <value>
                <![CDATA[loki@321]]>
              </value>
            </param>
            <param index="2">
              <value>
                <![CDATA[invalid]]>
              </value>
            </param>
          </params>
          <reporter-output>
          </reporter-output>
        </test-method> <!-- loginDataDrivenTest -->
        <test-method signature="loginDataDrivenTest(java.lang.String,java.lang.String,java.lang.String)[pri:0, instance:TestCases.TC002_LoginTest@40e10ff8]" started-at="2024-09-16T12:30:25 IST" name="loginDataDrivenTest" data-provider="LoginData" finished-at="2024-09-16T12:30:37 IST" duration-ms="11763" status="PASS">
          <params>
            <param index="0">
              <value>
                <![CDATA[]]>
              </value>
            </param>
            <param index="1">
              <value>
                <![CDATA[loki@321]]>
              </value>
            </param>
            <param index="2">
              <value>
                <![CDATA[invalid]]>
              </value>
            </param>
          </params>
          <reporter-output>
          </reporter-output>
        </test-method> <!-- loginDataDrivenTest -->
        <test-method signature="loginDataDrivenTest(java.lang.String,java.lang.String,java.lang.String)[pri:0, instance:TestCases.TC002_LoginTest@40e10ff8]" started-at="2024-09-16T12:30:37 IST" name="loginDataDrivenTest" data-provider="LoginData" finished-at="2024-09-16T12:30:49 IST" duration-ms="12137" status="PASS">
          <params>
            <param index="0">
              <value>
                <![CDATA[ramkumar@gmail.com]]>
              </value>
            </param>
            <param index="1">
              <value>
                <![CDATA[]]>
              </value>
            </param>
            <param index="2">
              <value>
                <![CDATA[invalid]]>
              </value>
            </param>
          </params>
          <reporter-output>
          </reporter-output>
        </test-method> <!-- loginDataDrivenTest -->
        <test-method is-config="true" signature="tearDown()[pri:0, instance:TestCases.TC002_LoginTest@40e10ff8]" started-at="2024-09-16T12:30:49 IST" name="tearDown" finished-at="2024-09-16T12:30:49 IST" duration-ms="142" status="PASS">
          <reporter-output>
          </reporter-output>
        </test-method> <!-- tearDown -->
      </class> <!-- TestCases.TC002_LoginTest -->
    </test> <!-- LoginTest -->
  </suite> <!-- Groups Suite -->
</testng-results>
