<?xml version="1.0" encoding="UTF-8"?>
<testng-results ignored="0" total="1" passed="1" failed="0" skipped="0">
  <reporter-output>
  </reporter-output>
  <suite started-at="2024-09-24T18:09:33 IST" name="Suite" finished-at="2024-09-24T18:09:45 IST" duration-ms="12028">
    <groups>
      <group name="regression">
        <method signature="TC001_AccountRegistrationTest.verify_AccountRegistration()[pri:0, instance:TestCases.TC001_AccountRegistrationTest@275fe372]" name="verify_AccountRegistration" class="TestCases.TC001_AccountRegistrationTest"/>
      </group> <!-- regression -->
      <group name="sanity">
        <method signature="TC001_AccountRegistrationTest.verify_AccountRegistration()[pri:0, instance:TestCases.TC001_AccountRegistrationTest@275fe372]" name="verify_AccountRegistration" class="TestCases.TC001_AccountRegistrationTest"/>
      </group> <!-- sanity -->
      <group name="master">
        <method signature="TC001_AccountRegistrationTest.verify_AccountRegistration()[pri:0, instance:TestCases.TC001_AccountRegistrationTest@275fe372]" name="verify_AccountRegistration" class="TestCases.TC001_AccountRegistrationTest"/>
      </group> <!-- master -->
    </groups>
    <test started-at="2024-09-24T18:09:33 IST" name="LoginTest" finished-at="2024-09-24T18:09:45 IST" duration-ms="12028">
      <class name="TestCases.TC001_AccountRegistrationTest">
        <test-method is-config="true" signature="setUp(java.lang.String,java.lang.String)[pri:0, instance:TestCases.TC001_AccountRegistrationTest@275fe372]" started-at="2024-09-24T18:09:33 IST" name="setUp" finished-at="2024-09-24T18:09:41 IST" duration-ms="7406" status="PASS">
          <params>
            <param index="0">
              <value>
                <![CDATA[windows]]>
              </value>
            </param>
            <param index="1">
              <value>
                <![CDATA[chrome]]>
              </value>
            </param>
          </params>
          <reporter-output>
          </reporter-output>
        </test-method> <!-- setUp -->
        <test-method signature="verify_AccountRegistration()[pri:0, instance:TestCases.TC001_AccountRegistrationTest@275fe372]" started-at="2024-09-24T18:09:41 IST" name="verify_AccountRegistration" finished-at="2024-09-24T18:09:44 IST" duration-ms="3536" status="PASS">
          <reporter-output>
          </reporter-output>
        </test-method> <!-- verify_AccountRegistration -->
        <test-method is-config="true" signature="tearDown()[pri:0, instance:TestCases.TC001_AccountRegistrationTest@275fe372]" started-at="2024-09-24T18:09:44 IST" name="tearDown" finished-at="2024-09-24T18:09:45 IST" duration-ms="606" status="PASS">
          <reporter-output>
          </reporter-output>
        </test-method> <!-- tearDown -->
      </class> <!-- TestCases.TC001_AccountRegistrationTest -->
    </test> <!-- LoginTest -->
  </suite> <!-- Suite -->
</testng-results>
