<?xml version="1.0" encoding="UTF-8"?>
<!-- Generated by org.testng.reporters.JUnitXMLReporter -->
<testsuite ignored="0" hostname="DESKTOP-AFRCN63" failures="1" tests="3" name="AddToCart" time="0.736" errors="0" timestamp="2024-09-25T19:18:52 IST">
  <testcase classname="TestCases.TC003_AddToCart" name="addToCart" time="0.064">
    <skipped/>
  </testcase> <!-- addToCart -->
  <testcase classname="TestCases.TC003_AddToCart" name="addToCart" time="0.003">
    <skipped/>
  </testcase> <!-- addToCart -->
  <testcase classname="TestCases.TC003_AddToCart" name="addToCart" time="0.008">
    <failure type="java.lang.NullPointerException" message="Cannot invoke &amp;quot;org.openqa.selenium.SearchContext.findElement(org.openqa.selenium.By)&amp;quot; because &amp;quot;this.searchContext&amp;quot; is null">
      <![CDATA[java.lang.NullPointerException: Cannot invoke "org.openqa.selenium.SearchContext.findElement(org.openqa.selenium.By)" because "this.searchContext" is null
at org.openqa.selenium.support.pagefactory.DefaultElementLocator.findElement(DefaultElementLocator.java:68)
at org.openqa.selenium.support.pagefactory.internal.LocatingElementHandler.invoke(LocatingElementHandler.java:38)
at jdk.proxy2/jdk.proxy2.$Proxy28.click(Unknown Source)
at PageObjects.HomePage.clickMyAccount(HomePage.java:31)
at TestCases.TC003_AddToCart.addToCart(TC003_AddToCart.java:16)
at java.base/java.util.ArrayList.forEach(ArrayList.java:1597)
... Removed 25 stack frames]]>
    </failure>
  </testcase> <!-- addToCart -->
</testsuite> <!-- AddToCart -->
