<?xml version="1.0" encoding="UTF-8"?>
<!-- Generated by org.testng.reporters.JUnitXMLReporter -->
<testsuite ignored="1" hostname="DESKTOP-AFRCN63" failures="0" tests="6" name="LoginTest" time="71.846" errors="0" timestamp="2024-09-17T10:50:43 IST">
  <testcase classname="TestCases.TC002_LoginTest" name="loginDataDrivenTest" time="5.456"/>
  <testcase classname="TestCases.TC002_LoginTest" name="loginDataDrivenTest" time="4.759"/>
  <testcase classname="TestCases.TC002_LoginTest" name="loginDataDrivenTest" time="11.585"/>
  <testcase classname="TestCases.TC002_LoginTest" name="loginDataDrivenTest" time="12.774"/>
  <testcase classname="TestCases.TC002_LoginTest" name="loginDataDrivenTest" time="11.858"/>
  <testcase classname="TestCases.TC002_LoginTest" name="loginDataDrivenTest" time="12.403"/>
  <testcase classname="TestCases.TC002_LoginTest" name="validLoginTest" time="0.0">
    <ignored/>
  </testcase> <!-- validLoginTest -->
</testsuite> <!-- LoginTest -->
