<?xml version="1.0" encoding="UTF-8"?>
<!-- Generated by org.testng.reporters.JUnitXMLReporter -->
<testsuite ignored="1" hostname="DESKTOP-AFRCN63" failures="0" tests="6" name="LoginTest" time="61.633" errors="0" timestamp="2024-09-25T18:33:01 IST">
  <testcase classname="TestCases.TC002_LoginTest" name="loginDataDrivenTest" time="2.788"/>
  <testcase classname="TestCases.TC002_LoginTest" name="loginDataDrivenTest" time="2.867"/>
  <testcase classname="TestCases.TC002_LoginTest" name="loginDataDrivenTest" time="13.068"/>
  <testcase classname="TestCases.TC002_LoginTest" name="loginDataDrivenTest" time="12.515"/>
  <testcase classname="TestCases.TC002_LoginTest" name="loginDataDrivenTest" time="11.015"/>
  <testcase classname="TestCases.TC002_LoginTest" name="loginDataDrivenTest" time="11.149"/>
  <testcase classname="TestCases.TC002_LoginTest" name="validLoginTest" time="0.0">
    <ignored/>
  </testcase> <!-- validLoginTest -->
</testsuite> <!-- LoginTest -->
